[03:17:40] [ServerMain/INFO]: Environment: authHost='https://authserver.mojang.com', accountsHost='https://api.mojang.com', sessionHost='https://sessionserver.mojang.com', servicesHost='https://api.minecraftservices.com', name='PROD'
[03:17:43] [ServerMain/INFO]: Loaded 7 recipes
[03:17:43] [ServerMain/INFO]: Loaded 1271 advancements
[03:17:44] [Server thread/INFO]: Starting minecraft server version 1.20.1
[03:17:44] [Server thread/INFO]: Loading properties
[03:17:44] [Server thread/INFO]: Default game type: SURVIVAL
[03:17:44] [Server thread/INFO]: Generating keypair
[03:17:45] [Server thread/INFO]: Starting Minecraft server on *:25565
[03:17:45] [Server thread/INFO]: Using epoll channel type
[03:17:45] [Server thread/WARN]: **** SERVER IS RUNNING IN OFFLINE/INSECURE MODE!
[03:17:45] [Server thread/WARN]: The server will make no attempt to authenticate usernames. Beware.
[03:17:45] [Server thread/WARN]: While this makes the game possible to play without internet access, it also opens up the ability for hackers to connect with any username they choose.
[03:17:45] [Server thread/WARN]: To change this, set "online-mode" to "true" in the server.properties file.
[03:17:45] [Server thread/INFO]: Preparing level "world"
[03:17:51] [Server thread/INFO]: Preparing start region for dimension minecraft:overworld
[03:17:55] [Worker-Main-1/INFO]: Preparing spawn area: 0%
[03:17:56] [Worker-Main-1/INFO]: Preparing spawn area: 0%
[03:17:56] [Worker-Main-1/INFO]: Preparing spawn area: 0%
[03:17:56] [Worker-Main-1/INFO]: Preparing spawn area: 0%
[03:17:56] [Worker-Main-1/INFO]: Preparing spawn area: 0%
[03:17:56] [Worker-Main-1/INFO]: Preparing spawn area: 0%
[03:17:56] [Worker-Main-1/INFO]: Preparing spawn area: 0%
[03:17:56] [Worker-Main-1/INFO]: Preparing spawn area: 0%
[03:17:56] [Worker-Main-1/INFO]: Preparing spawn area: 0%
[03:17:56] [Worker-Main-1/INFO]: Preparing spawn area: 0%
[03:17:56] [Worker-Main-1/INFO]: Preparing spawn area: 0%
[03:17:57] [Worker-Main-1/INFO]: Preparing spawn area: 0%
[03:17:57] [Worker-Main-1/INFO]: Preparing spawn area: 0%
[03:17:58] [Worker-Main-1/INFO]: Preparing spawn area: 0%
[03:17:58] [Worker-Main-1/INFO]: Preparing spawn area: 0%
[03:17:59] [Worker-Main-1/INFO]: Preparing spawn area: 0%
[03:17:59] [Worker-Main-1/INFO]: Preparing spawn area: 0%
[03:18:00] [Worker-Main-1/INFO]: Preparing spawn area: 0%
[03:18:00] [Worker-Main-1/INFO]: Preparing spawn area: 0%
[03:18:00] [Server thread/INFO]: Time elapsed: 9350 ms
[03:18:00] [Server thread/INFO]: Done (15.702s)! For help, type "help"
